  [1m[35m (0.1ms)[0m  [1m[34mSELECT sqlite_version(*)[0m
  ↳ bin/rails:9
  [1m[35m (139.4ms)[0m  [1m[35mCREATE TABLE "schema_migrations" ("version" varchar NOT NULL PRIMARY KEY)[0m
  ↳ bin/rails:9
  [1m[35m (103.2ms)[0m  [1m[35mCREATE TABLE "ar_internal_metadata" ("key" varchar NOT NULL PRIMARY KEY, "value" varchar, "created_at" datetime NOT NULL, "updated_at" datetime NOT NULL)[0m
  ↳ bin/rails:9
  [1m[36mActiveRecord::InternalMetadata Load (0.3ms)[0m  [1m[34mSELECT  "ar_internal_metadata".* FROM "ar_internal_metadata" WHERE "ar_internal_metadata"."key" = ? LIMIT ?[0m  [["key", "environment"], ["LIMIT", 1]]
  ↳ bin/rails:9
  [1m[35m (0.1ms)[0m  [1m[36mbegin transaction[0m
  ↳ bin/rails:9
  [1m[36mActiveRecord::InternalMetadata Create (0.3ms)[0m  [1m[32mINSERT INTO "ar_internal_metadata" ("key", "value", "created_at", "updated_at") VALUES (?, ?, ?, ?)[0m  [["key", "environment"], ["value", "development"], ["created_at", "2020-07-02 12:16:06.470099"], ["updated_at", "2020-07-02 12:16:06.470099"]]
  ↳ bin/rails:9
  [1m[35m (98.3ms)[0m  [1m[36mcommit transaction[0m
  ↳ bin/rails:9
  [1m[35m (0.4ms)[0m  [1m[34mSELECT "schema_migrations"."version" FROM "schema_migrations" ORDER BY "schema_migrations"."version" ASC[0m
  ↳ bin/rails:9
Started GET "/cars" for ::1 at 2020-07-02 13:17:02 +0100
  
ActionController::RoutingError (No route matches [GET] "/cars"):
  
actionpack (5.2.4.3) lib/action_dispatch/middleware/debug_exceptions.rb:65:in `call'
web-console (3.7.0) lib/web_console/middleware.rb:135:in `call_app'
web-console (3.7.0) lib/web_console/middleware.rb:30:in `block in call'
web-console (3.7.0) lib/web_console/middleware.rb:20:in `catch'
web-console (3.7.0) lib/web_console/middleware.rb:20:in `call'
actionpack (5.2.4.3) lib/action_dispatch/middleware/show_exceptions.rb:33:in `call'
railties (5.2.4.3) lib/rails/rack/logger.rb:38:in `call_app'
railties (5.2.4.3) lib/rails/rack/logger.rb:26:in `block in call'
activesupport (5.2.4.3) lib/active_support/tagged_logging.rb:71:in `block in tagged'
activesupport (5.2.4.3) lib/active_support/tagged_logging.rb:28:in `tagged'
activesupport (5.2.4.3) lib/active_support/tagged_logging.rb:71:in `tagged'
railties (5.2.4.3) lib/rails/rack/logger.rb:26:in `call'
sprockets-rails (3.2.1) lib/sprockets/rails/quiet_assets.rb:13:in `call'
actionpack (5.2.4.3) lib/action_dispatch/middleware/remote_ip.rb:81:in `call'
actionpack (5.2.4.3) lib/action_dispatch/middleware/request_id.rb:27:in `call'
rack (2.2.3) lib/rack/method_override.rb:24:in `call'
rack (2.2.3) lib/rack/runtime.rb:22:in `call'
activesupport (5.2.4.3) lib/active_support/cache/strategy/local_cache_middleware.rb:29:in `call'
actionpack (5.2.4.3) lib/action_dispatch/middleware/executor.rb:14:in `call'
actionpack (5.2.4.3) lib/action_dispatch/middleware/static.rb:127:in `call'
rack (2.2.3) lib/rack/sendfile.rb:110:in `call'
railties (5.2.4.3) lib/rails/engine.rb:524:in `call'
puma (3.12.6) lib/puma/configuration.rb:227:in `call'
puma (3.12.6) lib/puma/server.rb:706:in `handle_request'
puma (3.12.6) lib/puma/server.rb:476:in `process_client'
puma (3.12.6) lib/puma/server.rb:334:in `block in run'
puma (3.12.6) lib/puma/thread_pool.rb:135:in `block in spawn_thread'
Started PUT "/__web_console/repl_sessions/498ffe1e11952b057b45eaa3dbb2faab" for ::1 at 2020-07-02 13:19:12 +0100
Started PUT "/__web_console/repl_sessions/498ffe1e11952b057b45eaa3dbb2faab" for ::1 at 2020-07-02 13:19:14 +0100
Started GET "/" for ::1 at 2020-07-02 13:22:40 +0100
Processing by Rails::WelcomeController#index as HTML
  Rendering /home/morah/.rbenv/versions/2.7.0/lib/ruby/gems/2.7.0/gems/railties-5.2.4.3/lib/rails/templates/rails/welcome/index.html.erb
  Rendered /home/morah/.rbenv/versions/2.7.0/lib/ruby/gems/2.7.0/gems/railties-5.2.4.3/lib/rails/templates/rails/welcome/index.html.erb (4.7ms)
Completed 200 OK in 11ms (Views: 7.3ms | ActiveRecord: 0.0ms)


Started GET "/cars" for ::1 at 2020-07-02 13:23:58 +0100
  
ActionController::RoutingError (No route matches [GET] "/cars"):
  
actionpack (5.2.4.3) lib/action_dispatch/middleware/debug_exceptions.rb:65:in `call'
web-console (3.7.0) lib/web_console/middleware.rb:135:in `call_app'
web-console (3.7.0) lib/web_console/middleware.rb:30:in `block in call'
web-console (3.7.0) lib/web_console/middleware.rb:20:in `catch'
web-console (3.7.0) lib/web_console/middleware.rb:20:in `call'
actionpack (5.2.4.3) lib/action_dispatch/middleware/show_exceptions.rb:33:in `call'
railties (5.2.4.3) lib/rails/rack/logger.rb:38:in `call_app'
railties (5.2.4.3) lib/rails/rack/logger.rb:26:in `block in call'
activesupport (5.2.4.3) lib/active_support/tagged_logging.rb:71:in `block in tagged'
activesupport (5.2.4.3) lib/active_support/tagged_logging.rb:28:in `tagged'
activesupport (5.2.4.3) lib/active_support/tagged_logging.rb:71:in `tagged'
railties (5.2.4.3) lib/rails/rack/logger.rb:26:in `call'
sprockets-rails (3.2.1) lib/sprockets/rails/quiet_assets.rb:13:in `call'
actionpack (5.2.4.3) lib/action_dispatch/middleware/remote_ip.rb:81:in `call'
actionpack (5.2.4.3) lib/action_dispatch/middleware/request_id.rb:27:in `call'
rack (2.2.3) lib/rack/method_override.rb:24:in `call'
rack (2.2.3) lib/rack/runtime.rb:22:in `call'
activesupport (5.2.4.3) lib/active_support/cache/strategy/local_cache_middleware.rb:29:in `call'
actionpack (5.2.4.3) lib/action_dispatch/middleware/executor.rb:14:in `call'
actionpack (5.2.4.3) lib/action_dispatch/middleware/static.rb:127:in `call'
rack (2.2.3) lib/rack/sendfile.rb:110:in `call'
railties (5.2.4.3) lib/rails/engine.rb:524:in `call'
puma (3.12.6) lib/puma/configuration.rb:227:in `call'
puma (3.12.6) lib/puma/server.rb:706:in `handle_request'
puma (3.12.6) lib/puma/server.rb:476:in `process_client'
puma (3.12.6) lib/puma/server.rb:334:in `block in run'
puma (3.12.6) lib/puma/thread_pool.rb:135:in `block in spawn_thread'
  [1m[35m (0.2ms)[0m  [1m[34mSELECT "schema_migrations"."version" FROM "schema_migrations" ORDER BY "schema_migrations"."version" ASC[0m
  ↳ bin/rails:9
Migrating to CreateCars (20200702122550)
  [1m[35m (0.1ms)[0m  [1m[36mbegin transaction[0m
  ↳ bin/rails:9
  [1m[35m (0.1ms)[0m  [1m[34mSELECT sqlite_version(*)[0m
  ↳ db/migrate/20200702122550_create_cars.rb:3
  [1m[35m (0.9ms)[0m  [1m[35mCREATE TABLE "cars" ("id" integer PRIMARY KEY AUTOINCREMENT NOT NULL, "make" varchar, "model" varchar, "year" integer, "created_at" datetime NOT NULL, "updated_at" datetime NOT NULL)[0m
  ↳ db/migrate/20200702122550_create_cars.rb:3
  [1m[36mActiveRecord::SchemaMigration Create (0.2ms)[0m  [1m[32mINSERT INTO "schema_migrations" ("version") VALUES (?)[0m  [["version", "20200702122550"]]
  ↳ bin/rails:9
  [1m[35m (113.8ms)[0m  [1m[36mcommit transaction[0m
  ↳ bin/rails:9
  [1m[36mActiveRecord::InternalMetadata Load (0.6ms)[0m  [1m[34mSELECT  "ar_internal_metadata".* FROM "ar_internal_metadata" WHERE "ar_internal_metadata"."key" = ? LIMIT ?[0m  [["key", "environment"], ["LIMIT", 1]]
  ↳ bin/rails:9
  [1m[35m (0.1ms)[0m  [1m[36mbegin transaction[0m
  ↳ bin/rails:9
  [1m[35m (0.1ms)[0m  [1m[36mcommit transaction[0m
  ↳ bin/rails:9
  [1m[35m (0.2ms)[0m  [1m[34mSELECT "schema_migrations"."version" FROM "schema_migrations" ORDER BY "schema_migrations"."version" ASC[0m
  ↳ bin/rails:9
Started GET "/" for ::1 at 2020-07-02 13:27:43 +0100
  [1m[35m (0.2ms)[0m  [1m[34mSELECT "schema_migrations"."version" FROM "schema_migrations" ORDER BY "schema_migrations"."version" ASC[0m
  ↳ /home/morah/.rbenv/versions/2.7.0/lib/ruby/gems/2.7.0/gems/activerecord-5.2.4.3/lib/active_record/log_subscriber.rb:98
Processing by Rails::WelcomeController#index as HTML
  Rendering /home/morah/.rbenv/versions/2.7.0/lib/ruby/gems/2.7.0/gems/railties-5.2.4.3/lib/rails/templates/rails/welcome/index.html.erb
  Rendered /home/morah/.rbenv/versions/2.7.0/lib/ruby/gems/2.7.0/gems/railties-5.2.4.3/lib/rails/templates/rails/welcome/index.html.erb (3.5ms)
Completed 200 OK in 253ms (Views: 6.0ms | ActiveRecord: 0.0ms)


Started GET "/cars" for ::1 at 2020-07-02 13:28:02 +0100
Processing by CarsController#index as HTML
  Rendering cars/index.html.erb within layouts/application
  [1m[36mCar Load (0.2ms)[0m  [1m[34mSELECT "cars".* FROM "cars"[0m
  ↳ app/views/cars/index.html.erb:16
  Rendered cars/index.html.erb within layouts/application (3.3ms)
Completed 200 OK in 2318ms (Views: 2314.2ms | ActiveRecord: 0.6ms)


Started GET "/cars/new" for ::1 at 2020-07-02 13:28:14 +0100
Processing by CarsController#new as HTML
  Rendering cars/new.html.erb within layouts/application
  Rendered cars/_form.html.erb (24.4ms)
  Rendered cars/new.html.erb within layouts/application (25.8ms)
Completed 200 OK in 62ms (Views: 46.9ms | ActiveRecord: 0.6ms)


Started POST "/cars" for ::1 at 2020-07-02 13:28:56 +0100
Processing by CarsController#create as HTML
  Parameters: {"utf8"=>"✓", "authenticity_token"=>"jxx4FDxevAB3mf2Wq7QadzKwQ8f8xO3i3JU5EctGzYHedGw6PElFRTuxcd/lbSDHMLjSYk8kMe3Kgtx/an+EdQ==", "car"=>{"make"=>"2020", "model"=>"rangerover sport", "year"=>""}, "commit"=>"Create Car"}
  [1m[35m (0.2ms)[0m  [1m[36mbegin transaction[0m
  ↳ app/controllers/cars_controller.rb:30
  [1m[36mCar Create (0.4ms)[0m  [1m[32mINSERT INTO "cars" ("make", "model", "created_at", "updated_at") VALUES (?, ?, ?, ?)[0m  [["make", "2020"], ["model", "rangerover sport"], ["created_at", "2020-07-02 12:28:56.429505"], ["updated_at", "2020-07-02 12:28:56.429505"]]
  ↳ app/controllers/cars_controller.rb:30
  [1m[35m (273.9ms)[0m  [1m[36mcommit transaction[0m
  ↳ app/controllers/cars_controller.rb:30
Redirected to http://localhost:3000/cars/1
Completed 302 Found in 282ms (ActiveRecord: 274.5ms)


Started GET "/cars/1" for ::1 at 2020-07-02 13:28:56 +0100
Processing by CarsController#show as HTML
  Parameters: {"id"=>"1"}
  [1m[36mCar Load (0.3ms)[0m  [1m[34mSELECT  "cars".* FROM "cars" WHERE "cars"."id" = ? LIMIT ?[0m  [["id", 1], ["LIMIT", 1]]
  ↳ app/controllers/cars_controller.rb:67
  Rendering cars/show.html.erb within layouts/application
  Rendered cars/show.html.erb within layouts/application (1.0ms)
Completed 200 OK in 48ms (Views: 42.7ms | ActiveRecord: 0.3ms)


Started GET "/cars/1/edit" for ::1 at 2020-07-02 13:29:08 +0100
Processing by CarsController#edit as HTML
  Parameters: {"id"=>"1"}
  [1m[36mCar Load (0.2ms)[0m  [1m[34mSELECT  "cars".* FROM "cars" WHERE "cars"."id" = ? LIMIT ?[0m  [["id", 1], ["LIMIT", 1]]
  ↳ app/controllers/cars_controller.rb:67
  Rendering cars/edit.html.erb within layouts/application
  Rendered cars/_form.html.erb (3.5ms)
  Rendered cars/edit.html.erb within layouts/application (7.0ms)
Completed 200 OK in 42ms (Views: 39.4ms | ActiveRecord: 0.2ms)


Started PATCH "/cars/1" for ::1 at 2020-07-02 13:29:14 +0100
Processing by CarsController#update as HTML
  Parameters: {"utf8"=>"✓", "authenticity_token"=>"gkeM3QlDfQueIlHClEPwtdRG12yEsU4Udzsh/L5+ALJ/BFIjMONikBYlnQtsDj8A+PiHrdx0tXFiUOp19qxRYQ==", "car"=>{"make"=>"2020", "model"=>"rangerover sport", "year"=>""}, "commit"=>"Update Car", "id"=>"1"}
  [1m[36mCar Load (0.2ms)[0m  [1m[34mSELECT  "cars".* FROM "cars" WHERE "cars"."id" = ? LIMIT ?[0m  [["id", 1], ["LIMIT", 1]]
  ↳ app/controllers/cars_controller.rb:67
  [1m[35m (0.1ms)[0m  [1m[36mbegin transaction[0m
  ↳ app/controllers/cars_controller.rb:44
  [1m[35m (0.1ms)[0m  [1m[36mcommit transaction[0m
  ↳ app/controllers/cars_controller.rb:44
Redirected to http://localhost:3000/cars/1
Completed 302 Found in 6ms (ActiveRecord: 0.3ms)


Started GET "/cars/1" for ::1 at 2020-07-02 13:29:14 +0100
Processing by CarsController#show as HTML
  Parameters: {"id"=>"1"}
  [1m[36mCar Load (0.1ms)[0m  [1m[34mSELECT  "cars".* FROM "cars" WHERE "cars"."id" = ? LIMIT ?[0m  [["id", 1], ["LIMIT", 1]]
  ↳ app/controllers/cars_controller.rb:67
  Rendering cars/show.html.erb within layouts/application
  Rendered cars/show.html.erb within layouts/application (1.2ms)
Completed 200 OK in 29ms (Views: 26.8ms | ActiveRecord: 0.1ms)


Started GET "/cars/1/edit" for ::1 at 2020-07-02 13:29:16 +0100
Processing by CarsController#edit as HTML
  Parameters: {"id"=>"1"}
  [1m[36mCar Load (0.1ms)[0m  [1m[34mSELECT  "cars".* FROM "cars" WHERE "cars"."id" = ? LIMIT ?[0m  [["id", 1], ["LIMIT", 1]]
  ↳ app/controllers/cars_controller.rb:67
  Rendering cars/edit.html.erb within layouts/application
  Rendered cars/_form.html.erb (4.9ms)
  Rendered cars/edit.html.erb within layouts/application (6.4ms)
Completed 200 OK in 37ms (Views: 35.2ms | ActiveRecord: 0.1ms)


Started PATCH "/cars/1" for ::1 at 2020-07-02 13:29:49 +0100
Processing by CarsController#update as HTML
  Parameters: {"utf8"=>"✓", "authenticity_token"=>"teGmO+EO8GGX0r8Wskq3292Uo/x1rVXV6nistba3w0lIonjF2K7v+h/Vc99KB3hu8SrzPS1orrD/E2c8/mWSmg==", "car"=>{"make"=>"sport", "model"=>"range rover ", "year"=>"2020"}, "commit"=>"Update Car", "id"=>"1"}
  [1m[36mCar Load (0.1ms)[0m  [1m[34mSELECT  "cars".* FROM "cars" WHERE "cars"."id" = ? LIMIT ?[0m  [["id", 1], ["LIMIT", 1]]
  ↳ app/controllers/cars_controller.rb:67
  [1m[35m (0.1ms)[0m  [1m[36mbegin transaction[0m
  ↳ app/controllers/cars_controller.rb:44
  [1m[36mCar Update (1.0ms)[0m  [1m[33mUPDATE "cars" SET "make" = ?, "model" = ?, "year" = ?, "updated_at" = ? WHERE "cars"."id" = ?[0m  [["make", "sport"], ["model", "range rover "], ["year", 2020], ["updated_at", "2020-07-02 12:29:49.361084"], ["id", 1]]
  ↳ app/controllers/cars_controller.rb:44
  [1m[35m (228.0ms)[0m  [1m[36mcommit transaction[0m
  ↳ app/controllers/cars_controller.rb:44
Redirected to http://localhost:3000/cars/1
Completed 302 Found in 234ms (ActiveRecord: 229.2ms)


Started GET "/cars/1" for ::1 at 2020-07-02 13:29:49 +0100
Processing by CarsController#show as HTML
  Parameters: {"id"=>"1"}
  [1m[36mCar Load (0.2ms)[0m  [1m[34mSELECT  "cars".* FROM "cars" WHERE "cars"."id" = ? LIMIT ?[0m  [["id", 1], ["LIMIT", 1]]
  ↳ app/controllers/cars_controller.rb:67
  Rendering cars/show.html.erb within layouts/application
  Rendered cars/show.html.erb within layouts/application (0.9ms)
Completed 200 OK in 29ms (Views: 26.4ms | ActiveRecord: 0.2ms)


Started GET "/cars" for ::1 at 2020-07-02 13:30:02 +0100
Processing by CarsController#index as HTML
  Rendering cars/index.html.erb within layouts/application
  [1m[36mCar Load (0.2ms)[0m  [1m[34mSELECT "cars".* FROM "cars"[0m
  ↳ app/views/cars/index.html.erb:16
  Rendered cars/index.html.erb within layouts/application (2.1ms)
Completed 200 OK in 44ms (Views: 42.3ms | ActiveRecord: 0.2ms)


Started GET "/cars/new" for ::1 at 2020-07-02 13:30:13 +0100
Processing by CarsController#new as HTML
  Rendering cars/new.html.erb within layouts/application
  Rendered cars/_form.html.erb (3.1ms)
  Rendered cars/new.html.erb within layouts/application (4.3ms)
Completed 200 OK in 47ms (Views: 46.1ms | ActiveRecord: 0.0ms)


Started POST "/cars" for ::1 at 2020-07-02 13:30:54 +0100
Processing by CarsController#create as HTML
  Parameters: {"utf8"=>"✓", "authenticity_token"=>"R76L2cLDgGEIO76AV5giRfdiOWD0GCDzUceIdk/9LToW1p/3wtR5JEQTMskZQRj19WqoxUf4/PxH0G0Y7sRkzg==", "car"=>{"make"=>"toyota", "model"=>"big engine", "year"=>"2019"}, "commit"=>"Create Car"}
  [1m[35m (0.2ms)[0m  [1m[36mbegin transaction[0m
  ↳ app/controllers/cars_controller.rb:30
  [1m[36mCar Create (0.4ms)[0m  [1m[32mINSERT INTO "cars" ("make", "model", "year", "created_at", "updated_at") VALUES (?, ?, ?, ?, ?)[0m  [["make", "toyota"], ["model", "big engine"], ["year", 2019], ["created_at", "2020-07-02 12:30:54.915968"], ["updated_at", "2020-07-02 12:30:54.915968"]]
  ↳ app/controllers/cars_controller.rb:30
  [1m[35m (234.7ms)[0m  [1m[36mcommit transaction[0m
  ↳ app/controllers/cars_controller.rb:30
Redirected to http://localhost:3000/cars/2
Completed 302 Found in 241ms (ActiveRecord: 235.4ms)


Started GET "/cars/2" for ::1 at 2020-07-02 13:30:55 +0100
Processing by CarsController#show as HTML
  Parameters: {"id"=>"2"}
  [1m[36mCar Load (0.2ms)[0m  [1m[34mSELECT  "cars".* FROM "cars" WHERE "cars"."id" = ? LIMIT ?[0m  [["id", 2], ["LIMIT", 1]]
  ↳ app/controllers/cars_controller.rb:67
  Rendering cars/show.html.erb within layouts/application
  Rendered cars/show.html.erb within layouts/application (1.6ms)
Completed 200 OK in 33ms (Views: 30.8ms | ActiveRecord: 0.2ms)


Started GET "/cars" for ::1 at 2020-07-02 13:30:58 +0100
Processing by CarsController#index as HTML
  Rendering cars/index.html.erb within layouts/application
  [1m[36mCar Load (0.2ms)[0m  [1m[34mSELECT "cars".* FROM "cars"[0m
  ↳ app/views/cars/index.html.erb:16
  Rendered cars/index.html.erb within layouts/application (3.0ms)
Completed 200 OK in 33ms (Views: 31.2ms | ActiveRecord: 0.2ms)


